<?xml version="1.0" encoding="UTF-8"?>
<!-- Generated by org.testng.reporters.JUnitReportReporter -->
<testsuite skipped="0" hostname="Baburao-PC" name="TestNGExcu.GroupTest" tests="3" failures="0" timestamp="22 Dec 2017 18:19:16 GMT" time="0.015" errors="0">
  <testcase name="checkin" time="0.015" classname="TestNGExcu.GroupTest"/>
  <testcase name="func" time="0.000" classname="TestNGExcu.GroupTest"/>
  <testcase name="testmessage" time="0.000" classname="TestNGExcu.GroupTest"/>
</testsuite> <!-- TestNGExcu.GroupTest -->
