<?xml version="1.0" encoding="UTF-8"?>
<!-- Generated by org.testng.reporters.JUnitReportReporter -->
<testsuite skipped="1" hostname="Baburao-PC" name="TestNGExcu.TestNGAnotations" tests="3" failures="0" timestamp="22 Dec 2017 15:45:37 GMT" time="0.016" errors="0">
  <testcase name="testcase3" time="0.000" classname="TestNGExcu.TestNGAnotations"/>
  <testcase name="testcase1" time="0.016" classname="TestNGExcu.TestNGAnotations"/>
  <testcase name="testcase2" classname="TestNGExcu.TestNGAnotations">
    <skipped/>
  </testcase> <!-- testcase2 -->
</testsuite> <!-- TestNGExcu.TestNGAnotations -->
